Build started 2016/5/23 10:28:51.
     1>Project "F:\elasto_cuda_dll\elasto_cuda_dll\elasto_cuda_dll\elasto_cuda_dll.vcxproj" on node 2 (Rebuild target(s)).
     1>ClCompile:
         D:\vs_2013\VC\bin\CL.exe /c /ZI /nologo /W3 /WX- /Od /Oy- /D WIN32 /D _DEBUG /D _WINDOWS /D ELASTO_CUDA_DLL_EXPORTS /D _WINDLL /D _MBCS /D _AFXDLL /Gm /EHsc /RTC1 /MDd /GS /fp:precise /Zc:wchar_t /Zc:forScope /Yc"stdafx.h" /Fp"Debug\elasto_cuda_dll.pch" /Fo"Debug\\" /Fd"Debug\vc120.pdb" /Gd /TP /analyze- /errorReport:prompt stdafx.cpp
         stdafx.cpp
     1>d:\vs_2013\vc\atlmfc\include\afx.h(38): warning C4996: 'MBCS_Support_Deprecated_In_MFC': MBCS support in MFC is deprecated and may be removed in a future version of MFC.
                 d:\vs_2013\vc\atlmfc\include\afx.h(33) : see declaration of 'MBCS_Support_Deprecated_In_MFC'
         D:\vs_2013\VC\bin\CL.exe /c /ZI /nologo /W3 /WX- /Od /Oy- /D WIN32 /D _DEBUG /D _WINDOWS /D ELASTO_CUDA_DLL_EXPORTS /D _WINDLL /D _MBCS /D _AFXDLL /Gm /EHsc /RTC1 /MDd /GS /fp:precise /Zc:wchar_t /Zc:forScope /Yu"stdafx.h" /Fp"Debug\elasto_cuda_dll.pch" /Fo"Debug\\" /Fd"Debug\vc120.pdb" /Gd /TP /analyze- /errorReport:prompt ..\src\CData.cpp ..\src\CDataProcess.cpp ..\src\CDisplacement.cpp ..\src\CElasto.cpp ..\src\CFilter.cpp ..\src\CStrain.cpp ..\src\ElastoDll.cpp ..\src\ErrorText.cpp ..\src\FileUtility.cpp ..\src\ImageFunc.cpp ..\src\Log.cpp ..\src\SysConfig.cpp ..\src\TestTime.cpp elasto_cuda_dll.cpp
         elasto_cuda_dll.cpp
         TestTime.cpp
         SysConfig.cpp
         Log.cpp
         ImageFunc.cpp
     1>f:\opencv_2.4.9\build\include\opencv2\flann\logger.h(66): warning C4996: 'fopen': This function or variable may be unsafe. Consider using fopen_s instead. To disable deprecation, use _CRT_SECURE_NO_WARNINGS. See online help for details.
                 d:\vs_2013\vc\include\stdio.h(211) : see declaration of 'fopen'
     1>f:\elasto_cuda_dll\elasto_cuda_dll\src\imagefunc.cpp(78): warning C4244: '=' : conversion from 'double' to 'uchar', possible loss of data
     1>f:\elasto_cuda_dll\elasto_cuda_dll\src\imagefunc.cpp(179): warning C4244: '=' : conversion from 'double' to 'uchar', possible loss of data
         FileUtility.cpp
     1>f:\opencv_2.4.9\build\include\opencv2\flann\logger.h(66): warning C4996: 'fopen': This function or variable may be unsafe. Consider using fopen_s instead. To disable deprecation, use _CRT_SECURE_NO_WARNINGS. See online help for details.
                 d:\vs_2013\vc\include\stdio.h(211) : see declaration of 'fopen'
     1>f:\elasto_cuda_dll\elasto_cuda_dll\src\fileutility.cpp(17): warning C4996: 'fopen': This function or variable may be unsafe. Consider using fopen_s instead. To disable deprecation, use _CRT_SECURE_NO_WARNINGS. See online help for details.
                 d:\vs_2013\vc\include\stdio.h(211) : see declaration of 'fopen'
     1>f:\elasto_cuda_dll\elasto_cuda_dll\src\fileutility.cpp(30): warning C4996: 'fscanf': This function or variable may be unsafe. Consider using fscanf_s instead. To disable deprecation, use _CRT_SECURE_NO_WARNINGS. See online help for details.
                 d:\vs_2013\vc\include\stdio.h(230) : see declaration of 'fscanf'
     1>f:\elasto_cuda_dll\elasto_cuda_dll\src\fileutility.cpp(45): warning C4996: 'fopen': This function or variable may be unsafe. Consider using fopen_s instead. To disable deprecation, use _CRT_SECURE_NO_WARNINGS. See online help for details.
                 d:\vs_2013\vc\include\stdio.h(211) : see declaration of 'fopen'
     1>f:\elasto_cuda_dll\elasto_cuda_dll\src\fileutility.cpp(58): warning C4996: 'fscanf': This function or variable may be unsafe. Consider using fscanf_s instead. To disable deprecation, use _CRT_SECURE_NO_WARNINGS. See online help for details.
                 d:\vs_2013\vc\include\stdio.h(230) : see declaration of 'fscanf'
     1>f:\elasto_cuda_dll\elasto_cuda_dll\src\fileutility.cpp(74): warning C4996: 'fopen': This function or variable may be unsafe. Consider using fopen_s instead. To disable deprecation, use _CRT_SECURE_NO_WARNINGS. See online help for details.
                 d:\vs_2013\vc\include\stdio.h(211) : see declaration of 'fopen'
     1>f:\elasto_cuda_dll\elasto_cuda_dll\src\fileutility.cpp(104): warning C4996: 'fopen': This function or variable may be unsafe. Consider using fopen_s instead. To disable deprecation, use _CRT_SECURE_NO_WARNINGS. See online help for details.
                 d:\vs_2013\vc\include\stdio.h(211) : see declaration of 'fopen'
         ErrorText.cpp
     1>f:\elasto_cuda_dll\elasto_cuda_dll\src\errortext.cpp(43): warning C4996: 'sprintf': This function or variable may be unsafe. Consider using sprintf_s instead. To disable deprecation, use _CRT_SECURE_NO_WARNINGS. See online help for details.
                 d:\vs_2013\vc\include\stdio.h(356) : see declaration of 'sprintf'
         ElastoDll.cpp
         CStrain.cpp
     1>f:\opencv_2.4.9\build\include\opencv2\flann\logger.h(66): warning C4996: 'fopen': This function or variable may be unsafe. Consider using fopen_s instead. To disable deprecation, use _CRT_SECURE_NO_WARNINGS. See online help for details.
                 d:\vs_2013\vc\include\stdio.h(211) : see declaration of 'fopen'
     1>f:\elasto_cuda_dll\elasto_cuda_dll\src\cstrain.cpp(469): warning C4244: '=' : conversion from 'int' to 'float', possible loss of data
     1>f:\elasto_cuda_dll\elasto_cuda_dll\src\cstrain.cpp(538): warning C4996: 'fopen': This function or variable may be unsafe. Consider using fopen_s instead. To disable deprecation, use _CRT_SECURE_NO_WARNINGS. See online help for details.
                 d:\vs_2013\vc\include\stdio.h(211) : see declaration of 'fopen'
     1>f:\elasto_cuda_dll\elasto_cuda_dll\src\cstrain.cpp(541): warning C4018: '<' : signed/unsigned mismatch
     1>f:\elasto_cuda_dll\elasto_cuda_dll\src\cstrain.cpp(678): warning C4018: '<' : signed/unsigned mismatch
         CFilter.cpp
     1>f:\opencv_2.4.9\build\include\opencv2\flann\logger.h(66): warning C4996: 'fopen': This function or variable may be unsafe. Consider using fopen_s instead. To disable deprecation, use _CRT_SECURE_NO_WARNINGS. See online help for details.
                 d:\vs_2013\vc\include\stdio.h(211) : see declaration of 'fopen'
         CElasto.cpp
     1>f:\opencv_2.4.9\build\include\opencv2\flann\logger.h(66): warning C4996: 'fopen': This function or variable may be unsafe. Consider using fopen_s instead. To disable deprecation, use _CRT_SECURE_NO_WARNINGS. See online help for details.
                 d:\vs_2013\vc\include\stdio.h(211) : see declaration of 'fopen'
     1>f:\elasto_cuda_dll\elasto_cuda_dll\src\celasto.cpp(119): warning C4305: '=' : truncation from 'double' to 'float'
         CDisplacement.cpp
     1>f:\opencv_2.4.9\build\include\opencv2\flann\logger.h(66): warning C4996: 'fopen': This function or variable may be unsafe. Consider using fopen_s instead. To disable deprecation, use _CRT_SECURE_NO_WARNINGS. See online help for details.
                 d:\vs_2013\vc\include\stdio.h(211) : see declaration of 'fopen'
     1>f:\elasto_cuda_dll\elasto_cuda_dll\src\cdisplacement.cpp(787): warning C4244: 'argument' : conversion from 'int' to 'float', possible loss of data
         CDataProcess.cpp
     1>f:\opencv_2.4.9\build\include\opencv2\flann\logger.h(66): warning C4996: 'fopen': This function or variable may be unsafe. Consider using fopen_s instead. To disable deprecation, use _CRT_SECURE_NO_WARNINGS. See online help for details.
                 d:\vs_2013\vc\include\stdio.h(211) : see declaration of 'fopen'
         CData.cpp
     1>f:\opencv_2.4.9\build\include\opencv2\flann\logger.h(66): warning C4996: 'fopen': This function or variable may be unsafe. Consider using fopen_s instead. To disable deprecation, use _CRT_SECURE_NO_WARNINGS. See online help for details.
                 d:\vs_2013\vc\include\stdio.h(211) : see declaration of 'fopen'
         Generating Code...
         D:\vs_2013\VC\bin\CL.exe /c /ZI /nologo /W3 /WX- /Od /Oy- /D WIN32 /D _DEBUG /D _WINDOWS /D ELASTO_CUDA_DLL_EXPORTS /D _WINDLL /D _MBCS /D _AFXDLL /Gm /EHsc /RTC1 /MDd /GS /fp:precise /Zc:wchar_t /Zc:forScope /Fo"Debug\\" /Fd"Debug\vc120.pdb" /Gd /TP /analyze- /errorReport:prompt dllmain.cpp
         dllmain.cpp
     1>d:\vs_2013\vc\atlmfc\include\afx.h(38): warning C4996: 'MBCS_Support_Deprecated_In_MFC': MBCS support in MFC is deprecated and may be removed in a future version of MFC.
                 d:\vs_2013\vc\atlmfc\include\afx.h(33) : see declaration of 'MBCS_Support_Deprecated_In_MFC'
       Link:
         D:\vs_2013\VC\bin\link.exe /ERRORREPORT:PROMPT /OUT:"F:\elasto_cuda_dll\elasto_cuda_dll\Debug\elasto_cuda_dll.dll" /INCREMENTAL /NOLOGO opencv_ml249d.lib opencv_calib3d249d.lib opencv_contrib249d.lib opencv_core249d.lib opencv_features2d249d.lib opencv_flann249d.lib opencv_gpu249d.lib opencv_highgui249d.lib opencv_imgproc249d.lib opencv_legacy249d.lib opencv_objdetect249d.lib opencv_ts249d.lib opencv_video249d.lib opencv_nonfree249d.lib opencv_ocl249d.lib opencv_photo249d.lib opencv_stitching249d.lib opencv_superres249d.lib opencv_videostab249d.lib /MANIFEST /MANIFESTUAC:"level='asInvoker' uiAccess='false'" /manifest:embed /manifestinput:D:\vs_2013\VC\Include\Manifest\dpiaware.manifest /DEBUG /PDB:"F:\elasto_cuda_dll\elasto_cuda_dll\Debug\elasto_cuda_dll.pdb" /SUBSYSTEM:WINDOWS /TLBID:1 /DYNAMICBASE /NXCOMPAT /IMPLIB:"F:\elasto_cuda_dll\elasto_cuda_dll\Debug\elasto_cuda_dll.lib" /MACHINE:X86 /DLL Debug\CData.obj
         Debug\CDataProcess.obj
         Debug\CDisplacement.obj
         Debug\CElasto.obj
         Debug\CFilter.obj
         Debug\CStrain.obj
         Debug\ElastoDll.obj
         Debug\ErrorText.obj
         Debug\FileUtility.obj
         Debug\ImageFunc.obj
         Debug\Log.obj
         Debug\SysConfig.obj
         Debug\TestTime.obj
         Debug\dllmain.obj
         Debug\elasto_cuda_dll.obj
         Debug\stdafx.obj
            Creating library F:\elasto_cuda_dll\elasto_cuda_dll\Debug\elasto_cuda_dll.lib and object F:\elasto_cuda_dll\elasto_cuda_dll\Debug\elasto_cuda_dll.exp
         elasto_cuda_dll.vcxproj -> F:\elasto_cuda_dll\elasto_cuda_dll\Debug\elasto_cuda_dll.dll
     1>Done Building Project "F:\elasto_cuda_dll\elasto_cuda_dll\elasto_cuda_dll\elasto_cuda_dll.vcxproj" (Rebuild target(s)).

Build succeeded.

Time Elapsed 00:00:11.38
