f:\elasto_cuda_dll\cuda_dll\cuda_dll\debug\cuda_dll.pch
f:\elasto_cuda_dll\cuda_dll\cuda_dll\debug\vc120.pdb
f:\elasto_cuda_dll\cuda_dll\cuda_dll\debug\vc120.idb
f:\elasto_cuda_dll\cuda_dll\cuda_dll\debug\stdafx.obj
f:\elasto_cuda_dll\cuda_dll\cuda_dll\debug\cuda_dll.obj
f:\elasto_cuda_dll\cuda_dll\cuda_dll\debug\dllmain.obj
f:\elasto_cuda_dll\cuda_dll\debug\cuda_dll.lib
f:\elasto_cuda_dll\cuda_dll\debug\cuda_dll.exp
f:\elasto_cuda_dll\cuda_dll\debug\cuda_dll.ilk
f:\elasto_cuda_dll\cuda_dll\debug\cuda_dll.dll
f:\elasto_cuda_dll\cuda_dll\debug\cuda_dll.pdb
f:\elasto_cuda_dll\cuda_dll\cuda_dll\debug\cudadll.cu.cache
f:\elasto_cuda_dll\cuda_dll\cuda_dll\debug\cudadll.cu.obj
f:\elasto_cuda_dll\cuda_dll\cuda_dll\debug\cuda_dll.tlog\cl.command.1.tlog
f:\elasto_cuda_dll\cuda_dll\cuda_dll\debug\cuda_dll.tlog\cl.read.1.tlog
f:\elasto_cuda_dll\cuda_dll\cuda_dll\debug\cuda_dll.tlog\cl.write.1.tlog
f:\elasto_cuda_dll\cuda_dll\cuda_dll\debug\cuda_dll.tlog\cuda_dll.write.1u.tlog
f:\elasto_cuda_dll\cuda_dll\cuda_dll\debug\cuda_dll.tlog\link.command.1.tlog
f:\elasto_cuda_dll\cuda_dll\cuda_dll\debug\cuda_dll.tlog\link.read.1.tlog
f:\elasto_cuda_dll\cuda_dll\cuda_dll\debug\cuda_dll.tlog\link.write.1.tlog
